0 info it worked if it ends with ok
1 verbose cli [ '/usr/local/bin/node', '/usr/local/bin/npm', 'publish' ]
2 info using npm@3.10.6
3 info using node@v6.2.2
4 verbose publish [ '.' ]
5 silly cache add args [ '.', null ]
6 verbose cache add spec .
7 silly cache add parsed spec Result {
7 silly cache add   raw: '.',
7 silly cache add   scope: null,
7 silly cache add   escapedName: null,
7 silly cache add   name: null,
7 silly cache add   rawSpec: '.',
7 silly cache add   spec: '/Users/pradeep.ksm/Projects/data-sorter',
7 silly cache add   type: 'directory' }
8 verbose addLocalDirectory /Users/pradeep.ksm/.npm/data-sorter/1.0.6/package.tgz not in flight; packing
9 verbose correctMkdir /Users/pradeep.ksm/.npm correctMkdir not in flight; initializing
10 info lifecycle data-sorter@1.0.6~prepublish: data-sorter@1.0.6
11 silly lifecycle data-sorter@1.0.6~prepublish: no script for prepublish, continuing
12 verbose tar pack [ '/Users/pradeep.ksm/.npm/data-sorter/1.0.6/package.tgz',
12 verbose tar pack   '/Users/pradeep.ksm/Projects/data-sorter' ]
13 verbose tarball /Users/pradeep.ksm/.npm/data-sorter/1.0.6/package.tgz
14 verbose folder /Users/pradeep.ksm/Projects/data-sorter
15 verbose addLocalTarball adding from inside cache /Users/pradeep.ksm/.npm/data-sorter/1.0.6/package.tgz
16 verbose correctMkdir /Users/pradeep.ksm/.npm correctMkdir not in flight; initializing
17 silly cache afterAdd data-sorter@1.0.6
18 verbose afterAdd /Users/pradeep.ksm/.npm/data-sorter/1.0.6/package/package.json not in flight; writing
19 verbose correctMkdir /Users/pradeep.ksm/.npm correctMkdir not in flight; initializing
20 verbose afterAdd /Users/pradeep.ksm/.npm/data-sorter/1.0.6/package/package.json written
21 silly publish { name: 'data-sorter',
21 silly publish   version: '1.0.6',
21 silly publish   description: 'Used for sorting data, by default "String" type is considered for sorting',
21 silly publish   main: './dist/data-sorter.js',
21 silly publish   scripts:
21 silly publish    { test: 'echo "Error: no test specified" && exit 1',
21 silly publish      build: 'export NODE_ENV=\'production\' && webpack --progress --colors' },
21 silly publish   repository:
21 silly publish    { type: 'git',
21 silly publish      url: 'git+https://github.com/pradeepkumarsm/data-sorter.git' },
21 silly publish   files: [ 'dist' ],
21 silly publish   author:
21 silly publish    { name: 'Pradeep Kumar S M',
21 silly publish      email: 'pradeepkumar.sm999@gmail.com' },
21 silly publish   license: 'ISC',
21 silly publish   bugs: { url: 'https://github.com/pradeepkumarsm/data-sorter/issues' },
21 silly publish   homepage: 'https://github.com/pradeepkumarsm/data-sorter#readme',
21 silly publish   dependencies:
21 silly publish    { lodash: '^4.15.0',
21 silly publish      'babel-core': '^6.3.21',
21 silly publish      'babel-loader': '^6.2.0',
21 silly publish      'babel-plugin-transform-decorators-legacy': '^1.3.4',
21 silly publish      'babel-plugin-transform-es2015-modules-commonjs': '^6.3.16',
21 silly publish      'babel-preset-es2015': '^6.3.13',
21 silly publish      'babel-preset-react': '^6.3.13',
21 silly publish      'babel-preset-stage-0': '^6.3.13' },
21 silly publish   devDependencies: { webpack: '^1.13.2' },
21 silly publish   readme: '# data-sorter\nUsed for sorting data, by default "String" type is considered for sorting\n',
21 silly publish   readmeFilename: 'README.md',
21 silly publish   gitHead: 'ae52a2b267b968be92ddfb391edcf9604337fc1a',
21 silly publish   _id: 'data-sorter@1.0.6',
21 silly publish   _shasum: '2178e4d7f5e99aa57e2e2aeb755de6cde968ab28',
21 silly publish   _from: '.' }
22 verbose getPublishConfig undefined
23 silly mapToRegistry name data-sorter
24 silly mapToRegistry using default registry
25 silly mapToRegistry registry https://registry.npmjs.org/.
26 silly mapToRegistry data Result {
26 silly mapToRegistry   raw: 'data-sorter',
26 silly mapToRegistry   scope: null,
26 silly mapToRegistry   escapedName: 'data-sorter',
26 silly mapToRegistry   name: 'data-sorter',
26 silly mapToRegistry   rawSpec: '',
26 silly mapToRegistry   spec: 'latest',
26 silly mapToRegistry   type: 'tag' }
27 silly mapToRegistry uri https://registry.npmjs.org/data-sorter
28 verbose publish registryBase https://registry.npmjs.org/./
29 silly publish uploading /Users/pradeep.ksm/.npm/data-sorter/1.0.6/package.tgz
30 verbose request uri https://registry.npmjs.org/data-sorter
31 verbose request sending authorization for write operation
32 info attempt registry request try #1 at 11:03:09 PM
33 verbose request using bearer token for auth
34 verbose request id 9e2200beb36eaf6e
35 http request PUT https://registry.npmjs.org/data-sorter
36 http 403 https://registry.npmjs.org/data-sorter
37 verbose headers { 'content-type': 'application/json',
37 verbose headers   'cache-control': 'max-age=300',
37 verbose headers   'content-length': '95',
37 verbose headers   'accept-ranges': 'bytes',
37 verbose headers   date: 'Sat, 03 Sep 2016 17:33:11 GMT',
37 verbose headers   via: '1.1 varnish',
37 verbose headers   connection: 'keep-alive',
37 verbose headers   'x-served-by': 'cache-sin6921-SIN',
37 verbose headers   'x-cache': 'MISS',
37 verbose headers   'x-cache-hits': '0',
37 verbose headers   'x-timer': 'S1472923990.868015,VS0,VE898',
37 verbose headers   vary: 'Accept-Encoding' }
38 verbose request invalidating /Users/pradeep.ksm/.npm/registry.npmjs.org/data-sorter on PUT
39 error publish Failed PUT 403
40 verbose stack Error: "You cannot publish over the previously published version 1.0.6." : data-sorter
40 verbose stack     at makeError (/usr/local/lib/node_modules/npm/node_modules/npm-registry-client/lib/request.js:264:12)
40 verbose stack     at CachingRegistryClient.<anonymous> (/usr/local/lib/node_modules/npm/node_modules/npm-registry-client/lib/request.js:252:14)
40 verbose stack     at Request._callback (/usr/local/lib/node_modules/npm/node_modules/npm-registry-client/lib/request.js:172:14)
40 verbose stack     at Request.self.callback (/usr/local/lib/node_modules/npm/node_modules/request/request.js:200:22)
40 verbose stack     at emitTwo (events.js:106:13)
40 verbose stack     at Request.emit (events.js:191:7)
40 verbose stack     at Request.<anonymous> (/usr/local/lib/node_modules/npm/node_modules/request/request.js:1067:10)
40 verbose stack     at emitOne (events.js:101:20)
40 verbose stack     at Request.emit (events.js:188:7)
40 verbose stack     at IncomingMessage.<anonymous> (/usr/local/lib/node_modules/npm/node_modules/request/request.js:988:12)
41 verbose statusCode 403
42 verbose pkgid data-sorter
43 verbose cwd /Users/pradeep.ksm/Projects/data-sorter
44 error Darwin 15.6.0
45 error argv "/usr/local/bin/node" "/usr/local/bin/npm" "publish"
46 error node v6.2.2
47 error npm  v3.10.6
48 error code E403
49 error "You cannot publish over the previously published version 1.0.6." : data-sorter
50 error If you need help, you may report this error at:
50 error     <https://github.com/npm/npm/issues>
51 verbose exit [ 1, true ]
